TN:
SF:src\app.js
FNF:0
FNH:0
DA:13,0
DA:15,0
DA:17,0
DA:18,0
DA:19,0
DA:21,0
DA:22,0
DA:25,0
DA:27,0
DA:28,0
DA:29,0
DA:31,0
LF:12
LH:0
BRF:0
BRH:0
end_of_record
TN:
SF:src\application\chat\CreateChatGroupUseCase.js
FN:11,(anonymous_0)
FN:24,(anonymous_1)
FN:95,(anonymous_2)
FN:132,(anonymous_3)
FN:154,(anonymous_4)
FN:157,(anonymous_5)
FN:171,(anonymous_6)
FN:194,(anonymous_7)
FNF:8
FNH:8
FNDA:20,(anonymous_0)
FNDA:11,(anonymous_1)
FNDA:2,(anonymous_2)
FNDA:5,(anonymous_3)
FNDA:4,(anonymous_4)
FNDA:4,(anonymous_5)
FNDA:1,(anonymous_6)
FNDA:5,(anonymous_7)
DA:12,20
DA:13,20
DA:14,20
DA:25,11
DA:27,11
DA:28,2
DA:31,9
DA:32,2
DA:35,7
DA:36,1
DA:40,6
DA:41,6
DA:42,1
DA:46,5
DA:47,3
DA:48,3
DA:53,3
DA:54,1
DA:58,2
DA:59,2
DA:60,1
DA:64,1
DA:68,3
DA:69,3
DA:70,3
DA:71,1
DA:76,2
DA:86,2
DA:94,2
DA:95,2
DA:96,2
DA:104,2
DA:108,2
DA:109,2
DA:111,2
DA:120,8
DA:121,8
DA:133,5
DA:135,5
DA:136,5
DA:137,1
DA:141,4
DA:142,4
DA:143,1
DA:147,3
DA:148,3
DA:149,0
DA:153,3
DA:154,4
DA:157,4
DA:159,3
DA:160,1
DA:164,2
DA:165,2
DA:166,1
DA:170,1
DA:171,1
DA:179,1
DA:182,4
DA:183,4
DA:195,5
DA:197,5
DA:198,5
DA:199,0
DA:203,5
DA:204,1
DA:208,4
DA:209,4
DA:211,4
DA:212,0
DA:217,4
DA:221,4
DA:222,1
DA:226,3
DA:227,1
DA:228,1
DA:229,1
DA:234,2
DA:236,2
DA:239,3
DA:240,3
LF:81
LH:78
BRDA:24,0,0,0
BRDA:27,1,0,2
BRDA:27,1,1,9
BRDA:27,2,0,11
BRDA:27,2,1,6
BRDA:27,2,2,5
BRDA:31,3,0,2
BRDA:31,3,1,7
BRDA:31,4,0,9
BRDA:31,4,1,5
BRDA:35,5,0,1
BRDA:35,5,1,6
BRDA:35,6,0,7
BRDA:35,6,1,4
BRDA:41,7,0,1
BRDA:41,7,1,5
BRDA:46,8,0,3
BRDA:46,8,1,2
BRDA:53,9,0,1
BRDA:53,9,1,2
BRDA:59,10,0,1
BRDA:59,10,1,1
BRDA:68,11,0,3
BRDA:68,11,1,0
BRDA:70,12,0,1
BRDA:70,12,1,2
BRDA:79,13,0,2
BRDA:79,13,1,0
BRDA:82,14,0,2
BRDA:82,14,1,2
BRDA:82,15,0,1
BRDA:82,15,1,1
BRDA:94,16,0,2
BRDA:94,16,1,0
BRDA:136,17,0,1
BRDA:136,17,1,4
BRDA:142,18,0,1
BRDA:142,18,1,3
BRDA:142,19,0,4
BRDA:142,19,1,4
BRDA:148,20,0,0
BRDA:148,20,1,3
BRDA:159,21,0,1
BRDA:159,21,1,2
BRDA:165,22,0,1
BRDA:165,22,1,1
BRDA:198,23,0,0
BRDA:198,23,1,5
BRDA:203,24,0,1
BRDA:203,24,1,4
BRDA:211,25,0,0
BRDA:211,25,1,4
BRDA:211,26,0,4
BRDA:211,26,1,4
BRDA:217,27,0,4
BRDA:217,27,1,2
BRDA:217,27,2,1
BRDA:217,27,3,0
BRDA:221,28,0,1
BRDA:221,28,1,3
BRDA:226,29,0,1
BRDA:226,29,1,2
BRDA:228,30,0,1
BRDA:228,30,1,0
BRF:64
BRH:55
end_of_record
TN:
SF:src\application\chat\GetGroupMessagesUseCase.js
FN:11,(anonymous_0)
FN:26,(anonymous_1)
FN:56,(anonymous_2)
FNF:3
FNH:0
FNDA:0,(anonymous_0)
FNDA:0,(anonymous_1)
FNDA:0,(anonymous_2)
DA:12,0
DA:13,0
DA:14,0
DA:28,0
DA:29,0
DA:32,0
DA:33,0
DA:37,0
DA:38,0
DA:39,0
DA:43,0
DA:44,0
DA:45,0
DA:48,0
DA:50,0
DA:53,0
DA:55,0
DA:56,0
DA:79,0
DA:80,0
LF:20
LH:0
BRDA:26,0,0,0
BRDA:26,1,0,0
BRDA:28,2,0,0
BRDA:28,2,1,0
BRDA:32,3,0,0
BRDA:32,3,1,0
BRDA:38,4,0,0
BRDA:38,4,1,0
BRDA:44,5,0,0
BRDA:44,5,1,0
BRDA:44,6,0,0
BRDA:44,6,1,0
BRDA:58,7,0,0
BRDA:58,7,1,0
BRDA:58,7,2,0
BRDA:59,8,0,0
BRDA:59,8,1,0
BRDA:59,8,2,0
BRDA:64,9,0,0
BRDA:64,9,1,0
BRDA:73,10,0,0
BRDA:73,10,1,0
BRF:22
BRH:0
end_of_record
TN:
SF:src\application\chat\GetUserGroupsUseCase.js
FN:11,(anonymous_0)
FN:25,(anonymous_1)
FN:37,(anonymous_2)
FN:96,(anonymous_3)
FN:113,(anonymous_4)
FN:114,(anonymous_5)
FN:115,(anonymous_6)
FN:116,(anonymous_7)
FNF:8
FNH:0
FNDA:0,(anonymous_0)
FNDA:0,(anonymous_1)
FNDA:0,(anonymous_2)
FNDA:0,(anonymous_3)
FNDA:0,(anonymous_4)
FNDA:0,(anonymous_5)
FNDA:0,(anonymous_6)
FNDA:0,(anonymous_7)
DA:12,0
DA:13,0
DA:14,0
DA:27,0
DA:28,0
DA:31,0
DA:33,0
DA:36,0
DA:39,0
DA:42,0
DA:47,0
DA:48,0
DA:51,0
DA:53,0
DA:96,0
DA:97,0
DA:98,0
DA:99,0
DA:102,0
DA:113,0
DA:114,0
DA:115,0
DA:116,0
DA:121,0
DA:122,0
LF:25
LH:0
BRDA:25,0,0,0
BRDA:25,1,0,0
BRDA:27,2,0,0
BRDA:27,2,1,0
BRDA:42,3,0,0
BRDA:42,3,1,0
BRDA:48,4,0,0
BRDA:48,4,1,0
BRDA:64,5,0,0
BRDA:64,5,1,0
BRDA:74,6,0,0
BRDA:74,6,1,0
BRDA:76,7,0,0
BRDA:76,7,1,0
BRDA:79,8,0,0
BRDA:79,8,1,0
BRDA:89,9,0,0
BRDA:89,9,1,0
BRDA:97,10,0,0
BRDA:97,10,1,0
BRDA:98,11,0,0
BRDA:98,11,1,0
BRDA:107,12,0,0
BRDA:107,12,1,0
BRF:24
BRH:0
end_of_record
TN:
SF:src\application\chat\SearchUsersUseCase.js
FN:10,(anonymous_0)
FN:24,(anonymous_1)
FN:39,(anonymous_2)
FN:49,(anonymous_3)
FN:66,(anonymous_4)
FN:89,(anonymous_5)
FN:99,(anonymous_6)
FN:104,(anonymous_7)
FN:108,(anonymous_8)
FN:130,(anonymous_9)
FN:134,(anonymous_10)
FNF:11
FNH:0
FNDA:0,(anonymous_0)
FNDA:0,(anonymous_1)
FNDA:0,(anonymous_2)
FNDA:0,(anonymous_3)
FNDA:0,(anonymous_4)
FNDA:0,(anonymous_5)
FNDA:0,(anonymous_6)
FNDA:0,(anonymous_7)
FNDA:0,(anonymous_8)
FNDA:0,(anonymous_9)
FNDA:0,(anonymous_10)
DA:11,0
DA:12,0
DA:26,0
DA:27,0
DA:30,0
DA:31,0
DA:34,0
DA:36,0
DA:39,0
DA:42,0
DA:45,0
DA:47,0
DA:48,0
DA:50,0
DA:51,0
DA:53,0
DA:66,0
DA:78,0
DA:79,0
DA:90,0
DA:91,0
DA:94,0
DA:96,0
DA:99,0
DA:100,0
DA:104,0
DA:105,0
DA:108,0
DA:110,0
DA:111,0
DA:123,0
DA:126,0
DA:129,0
DA:130,0
DA:134,0
DA:135,0
DA:136,0
DA:137,0
DA:140,0
DA:143,0
DA:144,0
LF:41
LH:0
BRDA:24,0,0,0
BRDA:24,1,0,0
BRDA:26,2,0,0
BRDA:26,2,1,0
BRDA:26,3,0,0
BRDA:26,3,1,0
BRDA:30,4,0,0
BRDA:30,4,1,0
BRDA:47,5,0,0
BRDA:47,5,1,0
BRDA:51,6,0,0
BRDA:51,6,1,0
BRDA:73,7,0,0
BRDA:73,7,1,0
BRDA:89,8,0,0
BRDA:90,9,0,0
BRDA:90,9,1,0
BRDA:110,10,0,0
BRDA:110,10,1,0
BRDA:135,11,0,0
BRDA:135,11,1,0
BRDA:136,12,0,0
BRDA:136,12,1,0
BRF:23
BRH:0
end_of_record
TN:
SF:src\application\chat\SendMessageUseCase.js
FN:11,(anonymous_0)
FN:23,(anonymous_1)
FNF:2
FNH:2
FNDA:34,(anonymous_0)
FNDA:17,(anonymous_1)
DA:12,34
DA:13,34
DA:14,34
DA:25,17
DA:26,1
DA:29,16
DA:30,1
DA:34,15
DA:35,15
DA:36,1
DA:39,14
DA:40,1
DA:44,13
DA:49,13
DA:50,2
DA:54,11
DA:56,11
DA:57,4
DA:58,1
DA:61,3
DA:62,1
DA:64,7
DA:65,6
DA:66,1
DA:69,1
DA:73,7
DA:74,1
DA:75,1
DA:76,0
DA:79,1
DA:80,0
DA:83,1
DA:84,0
DA:88,7
DA:90,7
DA:103,7
DA:106,7
DA:111,7
DA:121,0
DA:122,0
LF:40
LH:35
BRDA:25,0,0,1
BRDA:25,0,1,16
BRDA:29,1,0,1
BRDA:29,1,1,15
BRDA:35,2,0,1
BRDA:35,2,1,14
BRDA:39,3,0,1
BRDA:39,3,1,13
BRDA:49,4,0,2
BRDA:49,4,1,11
BRDA:49,5,0,13
BRDA:49,5,1,12
BRDA:54,6,0,11
BRDA:54,6,1,1
BRDA:56,7,0,4
BRDA:56,7,1,7
BRDA:57,8,0,1
BRDA:57,8,1,3
BRDA:57,9,0,4
BRDA:57,9,1,3
BRDA:61,10,0,1
BRDA:61,10,1,2
BRDA:64,11,0,6
BRDA:64,11,1,1
BRDA:65,12,0,1
BRDA:65,12,1,5
BRDA:73,13,0,1
BRDA:73,13,1,6
BRDA:75,14,0,0
BRDA:75,14,1,1
BRDA:79,15,0,0
BRDA:79,15,1,1
BRDA:83,16,0,0
BRDA:83,16,1,1
BRDA:95,17,0,7
BRDA:95,17,1,6
BRF:36
BRH:33
end_of_record
TN:
SF:src\application\user\CreateUserUseCase.js
FN:11,(anonymous_0)
FN:20,(anonymous_1)
FNF:2
FNH:0
FNDA:0,(anonymous_0)
FNDA:0,(anonymous_1)
DA:12,0
DA:22,0
DA:23,0
DA:24,0
DA:25,0
DA:30,0
DA:31,0
DA:32,0
DA:36,0
DA:38,0
LF:10
LH:0
BRDA:22,0,0,0
BRDA:22,0,1,0
BRDA:24,1,0,0
BRDA:24,1,1,0
BRDA:30,2,0,0
BRDA:30,2,1,0
BRDA:36,3,0,0
BRDA:36,3,1,0
BRF:8
BRH:0
end_of_record
TN:
SF:src\application\user\DeleteUserUseCase.js
FN:9,(anonymous_0)
FN:19,(anonymous_1)
FNF:2
FNH:0
FNDA:0,(anonymous_0)
FNDA:0,(anonymous_1)
DA:10,0
DA:21,0
DA:22,0
DA:23,0
DA:26,0
DA:27,0
DA:28,0
DA:31,0
LF:8
LH:0
BRDA:22,0,0,0
BRDA:22,0,1,0
BRDA:27,1,0,0
BRDA:27,1,1,0
BRF:4
BRH:0
end_of_record
TN:
SF:src\application\user\GetAllUsersUseCase.js
FN:9,(anonymous_0)
FN:19,(anonymous_1)
FNF:2
FNH:0
FNDA:0,(anonymous_0)
FNDA:0,(anonymous_1)
DA:10,0
DA:20,0
LF:2
LH:0
BRDA:19,0,0,0
BRDA:19,1,0,0
BRF:2
BRH:0
end_of_record
TN:
SF:src\application\user\GetUserUseCase.js
FN:9,(anonymous_0)
FN:19,(anonymous_1)
FNF:2
FNH:0
FNDA:0,(anonymous_0)
FNDA:0,(anonymous_1)
DA:10,0
DA:20,0
DA:22,0
DA:23,0
DA:26,0
LF:5
LH:0
BRDA:22,0,0,0
BRDA:22,0,1,0
BRF:2
BRH:0
end_of_record
TN:
SF:src\application\user\UpdateUserUseCase.js
FN:11,(anonymous_0)
FN:22,(anonymous_1)
FNF:2
FNH:0
FNDA:0,(anonymous_0)
FNDA:0,(anonymous_1)
DA:12,0
DA:24,0
DA:25,0
DA:26,0
DA:30,0
DA:31,0
DA:32,0
DA:33,0
DA:38,0
DA:39,0
DA:40,0
DA:43,0
DA:45,0
LF:13
LH:0
BRDA:25,0,0,0
BRDA:25,0,1,0
BRDA:30,1,0,0
BRDA:30,1,1,0
BRDA:30,2,0,0
BRDA:30,2,1,0
BRDA:32,3,0,0
BRDA:32,3,1,0
BRDA:32,4,0,0
BRDA:32,4,1,0
BRDA:38,5,0,0
BRDA:38,5,1,0
BRF:12
BRH:0
end_of_record
TN:
SF:src\domain\entities\ChatGroup.js
FN:6,(anonymous_0)
FN:35,(anonymous_1)
FN:50,(anonymous_2)
FN:57,(anonymous_3)
FN:70,(anonymous_4)
FN:79,(anonymous_5)
FN:88,(anonymous_6)
FNF:7
FNH:0
FNDA:0,(anonymous_0)
FNDA:0,(anonymous_1)
FNDA:0,(anonymous_2)
FNDA:0,(anonymous_3)
FNDA:0,(anonymous_4)
FNDA:0,(anonymous_5)
FNDA:0,(anonymous_6)
DA:18,0
DA:19,0
DA:20,0
DA:21,0
DA:22,0
DA:23,0
DA:24,0
DA:25,0
DA:26,0
DA:27,0
DA:28,0
DA:29,0
DA:36,0
DA:37,0
DA:40,0
DA:41,0
DA:44,0
DA:51,0
DA:58,0
DA:59,0
DA:60,0
DA:61,0
DA:63,0
DA:64,0
DA:71,0
DA:72,0
DA:73,0
DA:80,0
DA:81,0
DA:82,0
DA:89,0
LF:31
LH:0
BRDA:10,0,0,0
BRDA:15,1,0,0
BRDA:16,2,0,0
BRDA:24,3,0,0
BRDA:24,3,1,0
BRDA:36,4,0,0
BRDA:36,4,1,0
BRDA:36,5,0,0
BRDA:36,5,1,0
BRDA:40,6,0,0
BRDA:40,6,1,0
BRDA:40,7,0,0
BRDA:40,7,1,0
BRDA:58,8,0,0
BRDA:58,8,1,0
BRDA:59,9,0,0
BRDA:59,9,1,0
BRDA:60,10,0,0
BRDA:60,10,1,0
BRF:19
BRH:0
end_of_record
TN:
SF:src\domain\entities\GroupMember.js
FN:6,(anonymous_0)
FN:33,(anonymous_1)
FN:53,(anonymous_2)
FN:60,(anonymous_3)
FN:67,(anonymous_4)
FN:74,(anonymous_5)
FN:92,(anonymous_6)
FN:110,(anonymous_7)
FN:118,(anonymous_8)
FN:126,(anonymous_9)
FN:135,(anonymous_10)
FN:145,(anonymous_11)
FN:152,(anonymous_12)
FN:159,(anonymous_13)
FN:166,(anonymous_14)
FNF:15
FNH:0
FNDA:0,(anonymous_0)
FNDA:0,(anonymous_1)
FNDA:0,(anonymous_2)
FNDA:0,(anonymous_3)
FNDA:0,(anonymous_4)
FNDA:0,(anonymous_5)
FNDA:0,(anonymous_6)
FNDA:0,(anonymous_7)
FNDA:0,(anonymous_8)
FNDA:0,(anonymous_9)
FNDA:0,(anonymous_10)
FNDA:0,(anonymous_11)
FNDA:0,(anonymous_12)
FNDA:0,(anonymous_13)
FNDA:0,(anonymous_14)
DA:18,0
DA:19,0
DA:20,0
DA:21,0
DA:22,0
DA:23,0
DA:24,0
DA:25,0
DA:26,0
DA:27,0
DA:34,0
DA:35,0
DA:38,0
DA:39,0
DA:42,0
DA:43,0
DA:44,0
DA:47,0
DA:54,0
DA:61,0
DA:68,0
DA:75,0
DA:76,0
DA:77,0
DA:79,0
DA:80,0
DA:83,0
DA:84,0
DA:86,0
DA:93,0
DA:94,0
DA:95,0
DA:97,0
DA:98,0
DA:101,0
DA:102,0
DA:104,0
DA:111,0
DA:112,0
DA:119,0
DA:120,0
DA:127,0
DA:128,0
DA:129,0
DA:136,0
DA:137,0
DA:138,0
DA:139,0
DA:146,0
DA:153,0
DA:160,0
DA:167,0
LF:52
LH:0
BRDA:10,0,0,0
BRDA:13,1,0,0
BRDA:15,2,0,0
BRDA:22,3,0,0
BRDA:22,3,1,0
BRDA:34,4,0,0
BRDA:34,4,1,0
BRDA:38,5,0,0
BRDA:38,5,1,0
BRDA:43,6,0,0
BRDA:43,6,1,0
BRDA:68,7,0,0
BRDA:68,7,1,0
BRDA:79,8,0,0
BRDA:79,8,1,0
BRDA:97,9,0,0
BRDA:97,9,1,0
BRF:17
BRH:0
end_of_record
TN:
SF:src\domain\entities\Message.js
FN:6,(anonymous_0)
FN:43,(anonymous_1)
FN:70,(anonymous_2)
FN:77,(anonymous_3)
FN:84,(anonymous_4)
FN:95,(anonymous_5)
FN:104,(anonymous_6)
FN:127,(anonymous_7)
FN:138,(anonymous_8)
FN:145,(anonymous_9)
FNF:10
FNH:0
FNDA:0,(anonymous_0)
FNDA:0,(anonymous_1)
FNDA:0,(anonymous_2)
FNDA:0,(anonymous_3)
FNDA:0,(anonymous_4)
FNDA:0,(anonymous_5)
FNDA:0,(anonymous_6)
FNDA:0,(anonymous_7)
FNDA:0,(anonymous_8)
FNDA:0,(anonymous_9)
DA:23,0
DA:24,0
DA:25,0
DA:26,0
DA:27,0
DA:28,0
DA:29,0
DA:30,0
DA:31,0
DA:32,0
DA:33,0
DA:34,0
DA:35,0
DA:36,0
DA:37,0
DA:44,0
DA:45,0
DA:48,0
DA:49,0
DA:52,0
DA:53,0
DA:56,0
DA:57,0
DA:60,0
DA:61,0
DA:64,0
DA:71,0
DA:78,0
DA:85,0
DA:86,0
DA:87,0
DA:89,0
DA:96,0
DA:97,0
DA:98,0
DA:105,0
DA:106,0
DA:109,0
DA:110,0
DA:113,0
DA:114,0
DA:117,0
DA:118,0
DA:119,0
DA:121,0
DA:128,0
DA:129,0
DA:130,0
DA:131,0
DA:132,0
DA:139,0
DA:146,0
LF:52
LH:0
BRDA:9,0,0,0
BRDA:13,1,0,0
BRDA:21,2,0,0
BRDA:33,3,0,0
BRDA:33,3,1,0
BRDA:44,4,0,0
BRDA:44,4,1,0
BRDA:48,5,0,0
BRDA:48,5,1,0
BRDA:52,6,0,0
BRDA:52,6,1,0
BRDA:52,7,0,0
BRDA:52,7,1,0
BRDA:52,7,2,0
BRDA:56,8,0,0
BRDA:56,8,1,0
BRDA:56,9,0,0
BRDA:56,9,1,0
BRDA:60,10,0,0
BRDA:60,10,1,0
BRDA:60,11,0,0
BRDA:60,11,1,0
BRDA:85,12,0,0
BRDA:85,12,1,0
BRDA:105,13,0,0
BRDA:105,13,1,0
BRDA:109,14,0,0
BRDA:109,14,1,0
BRDA:113,15,0,0
BRDA:113,15,1,0
BRDA:113,16,0,0
BRDA:113,16,1,0
BRDA:148,17,0,0
BRDA:148,17,1,0
BRDA:154,18,0,0
BRDA:154,18,1,0
BRDA:155,19,0,0
BRDA:155,19,1,0
BRDA:156,20,0,0
BRDA:156,20,1,0
BRF:40
BRH:0
end_of_record
TN:
SF:src\domain\entities\User.js
FN:2,(anonymous_0)
FN:36,(anonymous_1)
FN:40,(anonymous_2)
FN:45,(anonymous_3)
FN:50,(anonymous_4)
FN:55,(anonymous_5)
FNF:6
FNH:0
FNDA:0,(anonymous_0)
FNDA:0,(anonymous_1)
FNDA:0,(anonymous_2)
FNDA:0,(anonymous_3)
FNDA:0,(anonymous_4)
FNDA:0,(anonymous_5)
DA:18,0
DA:19,0
DA:20,0
DA:21,0
DA:22,0
DA:23,0
DA:24,0
DA:25,0
DA:26,0
DA:27,0
DA:28,0
DA:29,0
DA:30,0
DA:31,0
DA:32,0
DA:33,0
DA:37,0
DA:41,0
DA:42,0
DA:46,0
DA:47,0
DA:51,0
DA:52,0
DA:56,0
DA:74,0
LF:25
LH:0
BRDA:29,0,0,0
BRDA:29,0,1,0
BRDA:31,1,0,0
BRDA:31,1,1,0
BRDA:41,2,0,0
BRDA:41,2,1,0
BRDA:41,3,0,0
BRDA:41,3,1,0
BRDA:42,4,0,0
BRDA:42,4,1,0
BRDA:42,5,0,0
BRDA:42,5,1,0
BRF:12
BRH:0
end_of_record
TN:
SF:src\domain\repositories\ChatGroupRepository.js
FN:12,(anonymous_0)
FN:21,(anonymous_1)
FN:32,(anonymous_2)
FN:42,(anonymous_3)
FN:52,(anonymous_4)
FN:61,(anonymous_5)
FN:71,(anonymous_6)
FN:80,(anonymous_7)
FN:90,(anonymous_8)
FN:100,(anonymous_9)
FNF:10
FNH:0
FNDA:0,(anonymous_0)
FNDA:0,(anonymous_1)
FNDA:0,(anonymous_2)
FNDA:0,(anonymous_3)
FNDA:0,(anonymous_4)
FNDA:0,(anonymous_5)
FNDA:0,(anonymous_6)
FNDA:0,(anonymous_7)
FNDA:0,(anonymous_8)
FNDA:0,(anonymous_9)
DA:13,0
DA:22,0
DA:33,0
DA:43,0
DA:53,0
DA:62,0
DA:72,0
DA:81,0
DA:91,0
DA:101,0
LF:10
LH:0
BRDA:32,0,0,0
BRDA:32,1,0,0
BRDA:52,2,0,0
BRF:3
BRH:0
end_of_record
TN:
SF:src\domain\repositories\GroupMemberRepository.js
FN:11,(anonymous_0)
FN:21,(anonymous_1)
FN:31,(anonymous_2)
FN:41,(anonymous_3)
FN:50,(anonymous_4)
FN:60,(anonymous_5)
FN:70,(anonymous_6)
FN:80,(anonymous_7)
FN:89,(anonymous_8)
FN:99,(anonymous_9)
FN:108,(anonymous_10)
FN:118,(anonymous_11)
FN:128,(anonymous_12)
FN:137,(anonymous_13)
FNF:14
FNH:0
FNDA:0,(anonymous_0)
FNDA:0,(anonymous_1)
FNDA:0,(anonymous_2)
FNDA:0,(anonymous_3)
FNDA:0,(anonymous_4)
FNDA:0,(anonymous_5)
FNDA:0,(anonymous_6)
FNDA:0,(anonymous_7)
FNDA:0,(anonymous_8)
FNDA:0,(anonymous_9)
FNDA:0,(anonymous_10)
FNDA:0,(anonymous_11)
FNDA:0,(anonymous_12)
FNDA:0,(anonymous_13)
DA:12,0
DA:22,0
DA:32,0
DA:42,0
DA:51,0
DA:61,0
DA:71,0
DA:81,0
DA:90,0
DA:100,0
DA:109,0
DA:119,0
DA:129,0
DA:138,0
LF:14
LH:0
BRDA:31,0,0,0
BRDA:41,1,0,0
BRDA:60,2,0,0
BRF:3
BRH:0
end_of_record
TN:
SF:src\domain\repositories\MessageRepository.js
FN:13,(anonymous_0)
FN:22,(anonymous_1)
FN:33,(anonymous_2)
FN:44,(anonymous_3)
FN:55,(anonymous_4)
FN:66,(anonymous_5)
FN:75,(anonymous_6)
FN:85,(anonymous_7)
FN:94,(anonymous_8)
FN:104,(anonymous_9)
FN:113,(anonymous_10)
FN:123,(anonymous_11)
FNF:12
FNH:0
FNDA:0,(anonymous_0)
FNDA:0,(anonymous_1)
FNDA:0,(anonymous_2)
FNDA:0,(anonymous_3)
FNDA:0,(anonymous_4)
FNDA:0,(anonymous_5)
FNDA:0,(anonymous_6)
FNDA:0,(anonymous_7)
FNDA:0,(anonymous_8)
FNDA:0,(anonymous_9)
FNDA:0,(anonymous_10)
FNDA:0,(anonymous_11)
DA:14,0
DA:23,0
DA:34,0
DA:45,0
DA:56,0
DA:67,0
DA:76,0
DA:86,0
DA:95,0
DA:105,0
DA:114,0
DA:124,0
LF:12
LH:0
BRDA:13,0,0,0
BRDA:13,1,0,0
BRDA:33,2,0,0
BRDA:44,3,0,0
BRDA:123,4,0,0
BRF:5
BRH:0
end_of_record
TN:
SF:src\domain\repositories\UserRepository.js
FN:12,(anonymous_0)
FN:21,(anonymous_1)
FN:30,(anonymous_2)
FN:40,(anonymous_3)
FN:49,(anonymous_4)
FN:58,(anonymous_5)
FN:68,(anonymous_6)
FN:77,(anonymous_7)
FNF:8
FNH:0
FNDA:0,(anonymous_0)
FNDA:0,(anonymous_1)
FNDA:0,(anonymous_2)
FNDA:0,(anonymous_3)
FNDA:0,(anonymous_4)
FNDA:0,(anonymous_5)
FNDA:0,(anonymous_6)
FNDA:0,(anonymous_7)
DA:13,0
DA:22,0
DA:31,0
DA:41,0
DA:50,0
DA:59,0
DA:69,0
DA:78,0
LF:8
LH:0
BRDA:40,0,0,0
BRF:1
BRH:0
end_of_record
TN:
SF:src\infrastructure\db\PrismaChatGroupRepository.js
FN:9,(anonymous_0)
FN:20,(anonymous_1)
FN:63,(anonymous_2)
FN:92,(anonymous_3)
FN:154,(anonymous_4)
FN:199,(anonymous_5)
FN:234,(anonymous_6)
FN:264,(anonymous_7)
FN:295,(anonymous_8)
FN:317,(anonymous_9)
FN:359,(anonymous_10)
FNF:11
FNH:1
FNDA:20,(anonymous_0)
FNDA:0,(anonymous_1)
FNDA:0,(anonymous_2)
FNDA:0,(anonymous_3)
FNDA:0,(anonymous_4)
FNDA:0,(anonymous_5)
FNDA:0,(anonymous_6)
FNDA:0,(anonymous_7)
FNDA:0,(anonymous_8)
FNDA:0,(anonymous_9)
FNDA:0,(anonymous_10)
DA:10,20
DA:11,20
DA:21,0
DA:23,0
DA:50,0
DA:52,0
DA:64,0
DA:93,0
DA:95,0
DA:139,0
DA:141,0
DA:155,0
DA:200,0
DA:235,0
DA:265,0
DA:296,0
DA:297,0
DA:304,0
DA:306,0
DA:307,0
DA:319,0
DA:331,0
DA:333,0
DA:342,0
DA:360,0
DA:372,0
LF:26
LH:2
BRDA:20,0,0,0
BRDA:20,1,0,0
BRDA:92,2,0,0
BRDA:92,3,0,0
BRDA:199,4,0,0
BRDA:239,5,0,0
BRDA:239,5,1,0
BRDA:242,6,0,0
BRDA:242,6,1,0
BRDA:331,7,0,0
BRDA:331,7,1,0
BRDA:372,8,0,0
BRDA:372,8,1,0
BRF:13
BRH:0
end_of_record
TN:
SF:src\infrastructure\db\PrismaGroupMemberRepository.js
FN:9,(anonymous_0)
FN:19,(anonymous_1)
FN:57,(anonymous_2)
FN:101,(anonymous_3)
FN:139,(anonymous_4)
FN:182,(anonymous_5)
FN:214,(anonymous_6)
FN:229,(anonymous_7)
FN:251,(anonymous_8)
FN:273,(anonymous_9)
FN:317,(anonymous_10)
FN:346,(anonymous_11)
FN:368,(anonymous_12)
FN:395,(anonymous_13)
FN:420,(anonymous_14)
FNF:15
FNH:2
FNDA:20,(anonymous_0)
FNDA:0,(anonymous_1)
FNDA:0,(anonymous_2)
FNDA:0,(anonymous_3)
FNDA:2,(anonymous_4)
FNDA:0,(anonymous_5)
FNDA:0,(anonymous_6)
FNDA:0,(anonymous_7)
FNDA:0,(anonymous_8)
FNDA:0,(anonymous_9)
FNDA:0,(anonymous_10)
FNDA:0,(anonymous_11)
FNDA:0,(anonymous_12)
FNDA:0,(anonymous_13)
FNDA:0,(anonymous_14)
DA:10,20
DA:11,20
DA:20,0
DA:58,0
DA:102,0
DA:140,2
DA:183,0
DA:215,0
DA:230,0
DA:242,0
DA:252,0
DA:265,0
DA:274,0
DA:318,0
DA:347,0
DA:348,0
DA:355,0
DA:357,0
DA:358,0
DA:369,0
DA:370,0
DA:382,0
DA:384,0
DA:385,0
DA:396,0
DA:397,0
DA:408,0
DA:410,0
DA:411,0
DA:421,0
DA:423,0
DA:424,0
DA:425,0
DA:426,0
DA:428,0
DA:433,0
LF:36
LH:3
BRDA:101,0,0,0
BRDA:105,1,0,0
BRDA:105,1,1,0
BRDA:139,2,0,0
BRDA:143,3,0,2
BRDA:143,3,1,2
BRDA:214,4,0,0
BRDA:218,5,0,0
BRDA:218,5,1,0
BRDA:265,6,0,0
BRDA:265,6,1,0
BRDA:278,7,0,0
BRDA:278,7,1,0
BRF:13
BRH:2
end_of_record
TN:
SF:src\infrastructure\db\PrismaMessageRepository.js
FN:9,(anonymous_0)
FN:21,(anonymous_1)
FN:93,(anonymous_2)
FN:139,(anonymous_3)
FN:173,(anonymous_4)
FN:208,(anonymous_5)
FN:242,(anonymous_6)
FN:262,(anonymous_7)
FN:310,(anonymous_8)
FN:334,(anonymous_9)
FN:361,(anonymous_10)
FN:364,(anonymous_11)
FN:386,(anonymous_12)
FN:391,(anonymous_13)
FN:413,(anonymous_14)
FNF:15
FNH:1
FNDA:82,(anonymous_0)
FNDA:0,(anonymous_1)
FNDA:0,(anonymous_2)
FNDA:0,(anonymous_3)
FNDA:0,(anonymous_4)
FNDA:0,(anonymous_5)
FNDA:0,(anonymous_6)
FNDA:0,(anonymous_7)
FNDA:0,(anonymous_8)
FNDA:0,(anonymous_9)
FNDA:0,(anonymous_10)
FNDA:0,(anonymous_11)
FNDA:0,(anonymous_12)
FNDA:0,(anonymous_13)
FNDA:0,(anonymous_14)
DA:10,82
DA:11,82
DA:22,0
DA:24,0
DA:79,0
DA:81,0
DA:94,0
DA:140,0
DA:174,0
DA:209,0
DA:243,0
DA:263,0
DA:311,0
DA:335,0
DA:336,0
DA:348,0
DA:350,0
DA:351,0
DA:362,0
DA:364,0
DA:369,0
DA:374,0
DA:376,0
DA:377,0
DA:387,0
DA:388,0
DA:391,0
DA:400,0
DA:402,0
DA:403,0
DA:414,0
LF:31
LH:2
BRDA:21,0,0,0
BRDA:21,1,0,0
BRDA:139,2,0,0
BRDA:173,3,0,0
BRDA:270,4,0,0
BRDA:270,4,1,0
BRDA:413,5,0,0
BRF:7
BRH:0
end_of_record
TN:
SF:src\infrastructure\db\PrismaUserRepository.js
FN:9,(anonymous_0)
FN:20,(anonymous_1)
FN:48,(anonymous_2)
FN:63,(anonymous_3)
FN:74,(anonymous_4)
FN:90,(anonymous_5)
FN:106,(anonymous_6)
FN:124,(anonymous_7)
FN:169,(anonymous_8)
FN:173,(anonymous_9)
FNF:10
FNH:1
FNDA:20,(anonymous_0)
FNDA:0,(anonymous_1)
FNDA:0,(anonymous_2)
FNDA:0,(anonymous_3)
FNDA:0,(anonymous_4)
FNDA:0,(anonymous_5)
FNDA:0,(anonymous_6)
FNDA:0,(anonymous_7)
FNDA:0,(anonymous_8)
FNDA:0,(anonymous_9)
DA:10,20
DA:11,20
DA:21,0
DA:23,0
DA:35,0
DA:37,0
DA:49,0
DA:64,0
DA:75,0
DA:91,0
DA:107,0
DA:108,0
DA:111,0
DA:113,0
DA:114,0
DA:125,0
DA:170,0
DA:173,0
LF:18
LH:2
BRDA:20,0,0,0
BRDA:20,1,0,0
BRDA:124,2,0,0
BRF:3
BRH:0
end_of_record
TN:
SF:src\infrastructure\http\controllers\ChatController.js
FN:22,(anonymous_0)
FN:64,(anonymous_1)
FN:70,(anonymous_2)
FN:71,(anonymous_3)
FN:79,(anonymous_4)
FN:80,(anonymous_5)
FN:139,(anonymous_6)
FN:148,(anonymous_7)
FN:198,(anonymous_8)
FN:204,(anonymous_9)
FN:205,(anonymous_10)
FN:270,(anonymous_11)
FN:286,(anonymous_12)
FN:336,(anonymous_13)
FN:352,(anonymous_14)
FN:382,(anonymous_15)
FN:390,(anonymous_16)
FNF:17
FNH:0
FNDA:0,(anonymous_0)
FNDA:0,(anonymous_1)
FNDA:0,(anonymous_2)
FNDA:0,(anonymous_3)
FNDA:0,(anonymous_4)
FNDA:0,(anonymous_5)
FNDA:0,(anonymous_6)
FNDA:0,(anonymous_7)
FNDA:0,(anonymous_8)
FNDA:0,(anonymous_9)
FNDA:0,(anonymous_10)
FNDA:0,(anonymous_11)
FNDA:0,(anonymous_12)
FNDA:0,(anonymous_13)
FNDA:0,(anonymous_14)
FNDA:0,(anonymous_15)
FNDA:0,(anonymous_16)
DA:24,0
DA:25,0
DA:26,0
DA:27,0
DA:30,0
DA:36,0
DA:42,0
DA:48,0
DA:54,0
DA:65,0
DA:67,0
DA:70,0
DA:71,0
DA:79,0
DA:80,0
DA:84,0
DA:85,0
DA:88,0
DA:97,0
DA:104,0
DA:105,0
DA:111,0
DA:118,0
DA:120,0
DA:121,0
DA:128,0
DA:140,0
DA:141,0
DA:142,0
DA:143,0
DA:145,0
DA:148,0
DA:158,0
DA:159,0
DA:160,0
DA:166,0
DA:167,0
DA:174,0
DA:186,0
DA:187,0
DA:199,0
DA:201,0
DA:204,0
DA:205,0
DA:214,0
DA:215,0
DA:216,0
DA:218,0
DA:219,0
DA:225,0
DA:232,0
DA:238,0
DA:239,0
DA:242,0
DA:249,0
DA:251,0
DA:252,0
DA:259,0
DA:271,0
DA:272,0
DA:273,0
DA:274,0
DA:275,0
DA:277,0
DA:278,0
DA:283,0
DA:286,0
DA:296,0
DA:297,0
DA:298,0
DA:304,0
DA:305,0
DA:312,0
DA:324,0
DA:325,0
DA:337,0
DA:338,0
DA:339,0
DA:340,0
DA:341,0
DA:343,0
DA:344,0
DA:349,0
DA:352,0
DA:360,0
DA:370,0
DA:371,0
DA:383,0
DA:384,0
DA:385,0
DA:387,0
DA:390,0
DA:399,0
DA:410,0
DA:411,0
LF:95
LH:0
BRDA:93,0,0,0
BRDA:93,0,1,0
BRDA:104,1,0,0
BRDA:104,1,1,0
BRDA:112,2,0,0
BRDA:112,2,1,0
BRDA:120,3,0,0
BRDA:120,3,1,0
BRDA:141,4,0,0
BRDA:141,4,1,0
BRDA:142,5,0,0
BRDA:142,5,1,0
BRDA:159,6,0,0
BRDA:159,6,1,0
BRDA:166,7,0,0
BRDA:166,7,1,0
BRDA:218,8,0,0
BRDA:218,8,1,0
BRDA:218,9,0,0
BRDA:218,9,1,0
BRDA:238,10,0,0
BRDA:238,10,1,0
BRDA:238,11,0,0
BRDA:238,11,1,0
BRDA:251,12,0,0
BRDA:251,12,1,0
BRDA:273,13,0,0
BRDA:273,13,1,0
BRDA:274,14,0,0
BRDA:274,14,1,0
BRDA:277,15,0,0
BRDA:277,15,1,0
BRDA:277,16,0,0
BRDA:277,16,1,0
BRDA:290,17,0,0
BRDA:290,17,1,0
BRDA:291,18,0,0
BRDA:291,18,1,0
BRDA:297,19,0,0
BRDA:297,19,1,0
BRDA:304,20,0,0
BRDA:304,20,1,0
BRDA:339,21,0,0
BRDA:339,21,1,0
BRDA:340,22,0,0
BRDA:340,22,1,0
BRDA:343,23,0,0
BRDA:343,23,1,0
BRDA:364,24,0,0
BRDA:364,24,1,0
BRDA:384,25,0,0
BRDA:384,25,1,0
BRF:52
BRH:0
end_of_record
TN:
SF:src\infrastructure\http\middlewares\hateoas.js
FN:1,(anonymous_0)
FN:3,(anonymous_1)
FN:15,(anonymous_2)
FN:20,(anonymous_3)
FNF:4
FNH:0
FNDA:0,(anonymous_0)
FNDA:0,(anonymous_1)
FNDA:0,(anonymous_2)
FNDA:0,(anonymous_3)
DA:3,0
DA:4,0
DA:15,0
DA:17,0
DA:19,0
DA:20,0
DA:40,0
LF:7
LH:0
BRDA:17,0,0,0
BRDA:17,0,1,0
BRDA:34,1,0,0
BRDA:34,1,1,0
BRDA:35,2,0,0
BRDA:35,2,1,0
BRF:6
BRH:0
end_of_record
TN:
SF:src\infrastructure\http\middlewares\order.js
FN:1,(anonymous_0)
FNF:1
FNH:0
FNDA:0,(anonymous_0)
DA:3,0
DA:4,0
DA:6,0
DA:11,0
LF:4
LH:0
BRDA:3,0,0,0
BRDA:3,0,1,0
BRDA:4,1,0,0
BRF:3
BRH:0
end_of_record
TN:
SF:src\infrastructure\http\middlewares\responseHandler.js
FN:3,(anonymous_0)
FN:4,(anonymous_1)
FN:8,(anonymous_2)
FN:12,(anonymous_3)
FN:16,(anonymous_4)
FN:27,(anonymous_5)
FN:31,(anonymous_6)
FNF:7
FNH:0
FNDA:0,(anonymous_0)
FNDA:0,(anonymous_1)
FNDA:0,(anonymous_2)
FNDA:0,(anonymous_3)
FNDA:0,(anonymous_4)
FNDA:0,(anonymous_5)
FNDA:0,(anonymous_6)
DA:4,0
DA:8,0
DA:12,0
DA:16,0
DA:22,0
DA:27,0
DA:31,0
DA:35,0
LF:8
LH:0
BRF:0
BRH:0
end_of_record
TN:
SF:src\infrastructure\http\middlewares\validator.js
FN:8,(anonymous_0)
FN:8,(anonymous_1)
FNF:2
FNH:0
FNDA:0,(anonymous_0)
FNDA:0,(anonymous_1)
DA:3,0
DA:8,0
DA:9,0
DA:10,0
DA:11,0
DA:12,0
DA:14,0
DA:15,0
DA:17,0
LF:9
LH:0
BRF:0
BRH:0
end_of_record
TN:
SF:src\infrastructure\http\routes\chatRoutes.js
FNF:0
FNH:0
DA:6,0
DA:7,0
DA:10,0
DA:13,0
DA:127,0
DA:128,0
DA:256,0
DA:257,0
DA:310,0
DA:350,0
LF:10
LH:0
BRF:0
BRH:0
end_of_record
TN:
SF:src\infrastructure\http\routes\routes.js
FNF:0
FNH:0
DA:17,0
DA:18,0
DA:19,0
DA:20,0
DA:22,0
DA:23,0
DA:24,0
DA:25,0
DA:26,0
DA:27,0
LF:10
LH:0
BRF:0
BRH:0
end_of_record
TN:
SF:src\infrastructure\http\routes\auth\authRouter.js
FNF:0
FNH:0
DA:8,0
DA:10,0
LF:2
LH:0
BRF:0
BRH:0
end_of_record
TN:
SF:src\infrastructure\http\routes\auth\authValidator.js
FNF:0
FNH:0
LF:0
LH:0
BRF:0
BRH:0
end_of_record
TN:
SF:src\infrastructure\http\routes\helper\404.js
FN:3,(anonymous_0)
FNF:1
FNH:0
FNDA:0,(anonymous_0)
DA:4,0
LF:1
LH:0
BRF:0
BRH:0
end_of_record
TN:
SF:src\infrastructure\http\routes\helper\500.js
FN:3,(anonymous_0)
FNF:1
FNH:0
FNDA:0,(anonymous_0)
DA:4,0
DA:6,0
DA:7,0
DA:10,0
LF:4
LH:0
BRDA:6,0,0,0
BRDA:6,0,1,0
BRF:2
BRH:0
end_of_record
TN:
SF:src\infrastructure\http\routes\user\registerRouter.js
FNF:0
FNH:0
DA:10,0
DA:11,0
LF:2
LH:0
BRF:0
BRH:0
end_of_record
TN:
SF:src\infrastructure\http\routes\user\userPatchValidator.js
FNF:0
FNH:0
LF:0
LH:0
BRF:0
BRH:0
end_of_record
TN:
SF:src\infrastructure\http\routes\user\userRolesValidator.js
FNF:0
FNH:0
LF:0
LH:0
BRF:0
BRH:0
end_of_record
TN:
SF:src\infrastructure\http\routes\user\userRouter.js
FNF:0
FNH:0
DA:17,0
DA:18,0
DA:19,0
DA:20,0
DA:21,0
DA:22,0
DA:23,0
LF:7
LH:0
BRF:0
BRH:0
end_of_record
TN:
SF:src\infrastructure\http\routes\user\userValidator.js
FNF:0
FNH:0
LF:0
LH:0
BRF:0
BRH:0
end_of_record
TN:
SF:src\infrastructure\websocket\ChatEventHandler.js
FN:8,(anonymous_0)
FN:18,(anonymous_1)
FN:113,(anonymous_2)
FN:179,(anonymous_3)
FN:224,(anonymous_4)
FN:291,(anonymous_5)
FN:354,(anonymous_6)
FN:367,(anonymous_7)
FNF:8
FNH:8
FNDA:42,(anonymous_0)
FNDA:5,(anonymous_1)
FNDA:3,(anonymous_2)
FNDA:2,(anonymous_3)
FNDA:4,(anonymous_4)
FNDA:3,(anonymous_5)
FNDA:3,(anonymous_6)
FNDA:4,(anonymous_7)
DA:9,42
DA:10,42
DA:11,42
DA:12,42
DA:19,5
DA:20,5
DA:21,5
DA:24,5
DA:25,1
DA:28,4
DA:29,1
DA:33,3
DA:45,3
DA:48,2
DA:67,2
DA:70,2
DA:77,2
DA:78,2
DA:86,2
DA:88,2
DA:91,3
DA:94,3
DA:100,3
DA:101,3
DA:114,3
DA:115,3
DA:116,3
DA:118,3
DA:119,1
DA:123,2
DA:124,2
DA:125,1
DA:129,1
DA:132,1
DA:133,1
DA:134,0
DA:138,1
DA:141,1
DA:149,1
DA:150,1
DA:162,1
DA:165,2
DA:167,2
DA:168,2
DA:180,2
DA:181,2
DA:182,2
DA:184,2
DA:185,1
DA:189,1
DA:192,1
DA:200,1
DA:201,1
DA:207,1
DA:210,1
DA:212,1
DA:213,1
DA:225,4
DA:226,4
DA:228,4
DA:229,0
DA:233,4
DA:234,4
DA:235,0
DA:239,4
DA:240,1
DA:244,3
DA:245,2
DA:249,1
DA:255,1
DA:264,1
DA:267,1
DA:268,1
DA:274,1
DA:277,3
DA:279,3
DA:280,3
DA:292,3
DA:293,3
DA:295,3
DA:296,0
DA:300,3
DA:301,3
DA:302,0
DA:306,3
DA:307,3
DA:310,3
DA:311,1
DA:315,2
DA:318,2
DA:327,2
DA:330,2
DA:331,2
DA:337,2
DA:340,1
DA:342,1
DA:343,1
DA:355,3
DA:356,3
DA:360,0
DA:368,4
DA:369,4
DA:372,4
DA:373,1
DA:377,3
DA:378,3
DA:379,1
DA:383,2
DA:384,2
DA:385,1
DA:390,1
DA:391,1
DA:394,1
DA:395,1
DA:396,1
DA:402,1
DA:403,1
DA:404,1
DA:407,1
DA:409,1
DA:410,1
DA:411,1
DA:414,0
DA:415,0
DA:419,1
DA:422,1
DA:423,1
DA:432,1
DA:435,3
DA:437,3
DA:438,3
LF:131
LH:123
BRDA:24,0,0,1
BRDA:24,0,1,4
BRDA:28,1,0,1
BRDA:28,1,1,3
BRDA:28,2,0,4
BRDA:28,2,1,2
BRDA:35,3,0,3
BRDA:35,3,1,0
BRDA:77,4,0,2
BRDA:77,4,1,0
BRDA:100,5,0,3
BRDA:100,5,1,0
BRDA:118,6,0,1
BRDA:118,6,1,2
BRDA:124,7,0,1
BRDA:124,7,1,1
BRDA:133,8,0,0
BRDA:133,8,1,1
BRDA:149,9,0,1
BRDA:149,9,1,0
BRDA:156,10,0,1
BRDA:156,10,1,1
BRDA:167,11,0,2
BRDA:167,11,1,0
BRDA:184,12,0,1
BRDA:184,12,1,1
BRDA:200,13,0,1
BRDA:200,13,1,0
BRDA:212,14,0,1
BRDA:212,14,1,0
BRDA:228,15,0,0
BRDA:228,15,1,4
BRDA:228,16,0,4
BRDA:228,16,1,4
BRDA:234,17,0,0
BRDA:234,17,1,4
BRDA:239,18,0,1
BRDA:239,18,1,3
BRDA:244,19,0,2
BRDA:244,19,1,1
BRDA:244,20,0,3
BRDA:244,20,1,2
BRDA:267,21,0,1
BRDA:267,21,1,0
BRDA:279,22,0,3
BRDA:279,22,1,0
BRDA:295,23,0,0
BRDA:295,23,1,3
BRDA:301,24,0,0
BRDA:301,24,1,3
BRDA:307,25,0,3
BRDA:307,25,1,2
BRDA:310,26,0,1
BRDA:310,26,1,2
BRDA:330,27,0,2
BRDA:330,27,1,0
BRDA:342,28,0,1
BRDA:342,28,1,0
BRDA:372,29,0,1
BRDA:372,29,1,3
BRDA:372,30,0,4
BRDA:372,30,1,3
BRDA:372,30,2,3
BRDA:378,31,0,1
BRDA:378,31,1,2
BRDA:384,32,0,1
BRDA:384,32,1,1
BRDA:407,33,0,1
BRDA:407,33,1,0
BRDA:422,34,0,1
BRDA:422,34,1,0
BRDA:437,35,0,3
BRDA:437,35,1,0
BRF:73
BRH:54
end_of_record
TN:
SF:src\infrastructure\websocket\MessageDeliveryManager.js
FN:8,(anonymous_0)
FN:14,(anonymous_1)
FN:22,(anonymous_2)
FN:47,(anonymous_3)
FN:63,(anonymous_4)
FN:74,(anonymous_5)
FN:120,(anonymous_6)
FN:123,(anonymous_7)
FN:136,(anonymous_8)
FN:147,(anonymous_9)
FN:167,(anonymous_10)
FN:175,(anonymous_11)
FN:204,(anonymous_12)
FN:217,(anonymous_13)
FN:232,(anonymous_14)
FN:317,(anonymous_15)
FN:369,(anonymous_16)
FN:376,(anonymous_17)
FN:384,(anonymous_18)
FN:392,(anonymous_19)
FN:402,(anonymous_20)
FN:415,(anonymous_21)
FN:430,(anonymous_22)
FNF:23
FNH:1
FNDA:20,(anonymous_0)
FNDA:0,(anonymous_1)
FNDA:0,(anonymous_2)
FNDA:0,(anonymous_3)
FNDA:0,(anonymous_4)
FNDA:0,(anonymous_5)
FNDA:0,(anonymous_6)
FNDA:0,(anonymous_7)
FNDA:0,(anonymous_8)
FNDA:0,(anonymous_9)
FNDA:0,(anonymous_10)
FNDA:0,(anonymous_11)
FNDA:0,(anonymous_12)
FNDA:0,(anonymous_13)
FNDA:0,(anonymous_14)
FNDA:0,(anonymous_15)
FNDA:0,(anonymous_16)
FNDA:0,(anonymous_17)
FNDA:0,(anonymous_18)
FNDA:0,(anonymous_19)
FNDA:0,(anonymous_20)
FNDA:0,(anonymous_21)
FNDA:0,(anonymous_22)
DA:9,20
DA:10,20
DA:11,20
DA:14,20
DA:15,0
DA:23,0
DA:24,0
DA:25,0
DA:29,0
DA:31,0
DA:33,0
DA:34,0
DA:35,0
DA:37,0
DA:47,0
DA:49,0
DA:50,0
DA:53,0
DA:55,0
DA:56,0
DA:64,0
DA:65,0
DA:66,0
DA:70,0
DA:72,0
DA:74,0
DA:75,0
DA:76,0
DA:78,0
DA:82,0
DA:83,0
DA:84,0
DA:86,0
DA:95,0
DA:96,0
DA:106,0
DA:107,0
DA:110,0
DA:112,0
DA:113,0
DA:121,0
DA:123,0
DA:124,0
DA:137,0
DA:138,0
DA:141,0
DA:142,0
DA:143,0
DA:145,0
DA:147,0
DA:148,0
DA:151,0
DA:152,0
DA:154,0
DA:156,0
DA:157,0
DA:160,0
DA:161,0
DA:167,0
DA:168,0
DA:176,0
DA:177,0
DA:179,0
DA:180,0
DA:181,0
DA:182,0
DA:184,0
DA:194,0
DA:196,0
DA:197,0
DA:205,0
DA:206,0
DA:207,0
DA:208,0
DA:212,0
DA:214,0
DA:217,0
DA:224,0
DA:225,0
DA:233,0
DA:235,0
DA:241,0
DA:249,0
DA:250,0
DA:251,0
DA:252,0
DA:254,0
DA:255,0
DA:257,0
DA:258,0
DA:260,0
DA:261,0
DA:262,0
DA:263,0
DA:267,0
DA:268,0
DA:271,0
DA:272,0
DA:273,0
DA:274,0
DA:275,0
DA:279,0
DA:281,0
DA:282,0
DA:283,0
DA:285,0
DA:290,0
DA:307,0
DA:309,0
DA:310,0
DA:318,0
DA:319,0
DA:320,0
DA:321,0
DA:325,0
DA:326,0
DA:329,0
DA:330,0
DA:332,0
DA:333,0
DA:337,0
DA:338,0
DA:339,0
DA:343,0
DA:346,0
DA:354,0
DA:355,0
DA:357,0
DA:358,0
DA:361,0
DA:362,0
DA:370,0
DA:377,0
DA:383,0
DA:384,0
DA:385,0
DA:388,0
DA:389,0
DA:392,0
DA:393,0
DA:396,0
DA:403,0
DA:404,0
DA:406,0
DA:410,0
DA:411,0
DA:412,0
DA:414,0
DA:415,0
DA:416,0
DA:419,0
DA:422,0
DA:423,0
DA:431,0
DA:432,0
DA:435,0
DA:436,0
DA:438,0
LF:158
LH:4
BRDA:24,0,0,0
BRDA:24,0,1,0
BRDA:24,1,0,0
BRDA:24,1,1,0
BRDA:31,2,0,0
BRDA:31,2,1,0
BRDA:35,3,0,0
BRDA:35,3,1,0
BRDA:65,4,0,0
BRDA:65,4,1,0
BRDA:65,5,0,0
BRDA:65,5,1,0
BRDA:72,6,0,0
BRDA:72,6,1,0
BRDA:75,7,0,0
BRDA:75,7,1,0
BRDA:84,8,0,0
BRDA:84,8,1,0
BRDA:95,9,0,0
BRDA:95,9,1,0
BRDA:120,10,0,0
BRDA:137,11,0,0
BRDA:137,11,1,0
BRDA:151,12,0,0
BRDA:151,12,1,0
BRDA:154,13,0,0
BRDA:154,13,1,0
BRDA:181,14,0,0
BRDA:181,14,1,0
BRDA:182,15,0,0
BRDA:182,15,1,0
BRDA:207,16,0,0
BRDA:207,16,1,0
BRDA:212,17,0,0
BRDA:212,17,1,0
BRDA:257,18,0,0
BRDA:257,18,1,0
BRDA:257,19,0,0
BRDA:257,19,1,0
BRDA:260,20,0,0
BRDA:260,20,1,0
BRDA:267,21,0,0
BRDA:267,21,1,0
BRDA:271,22,0,0
BRDA:271,22,1,0
BRDA:272,23,0,0
BRDA:272,23,1,0
BRDA:279,24,0,0
BRDA:279,24,1,0
BRDA:282,25,0,0
BRDA:282,25,1,0
BRDA:297,26,0,0
BRDA:297,26,1,0
BRDA:299,27,0,0
BRDA:299,27,1,0
BRDA:301,28,0,0
BRDA:301,28,1,0
BRDA:303,29,0,0
BRDA:303,29,1,0
BRDA:320,30,0,0
BRDA:320,30,1,0
BRDA:325,31,0,0
BRDA:325,31,1,0
BRDA:332,32,0,0
BRDA:332,32,1,0
BRDA:338,33,0,0
BRDA:338,33,1,0
BRDA:338,34,0,0
BRDA:338,34,1,0
BRDA:388,35,0,0
BRDA:388,35,1,0
BRDA:410,36,0,0
BRDA:410,36,1,0
BRDA:422,37,0,0
BRDA:422,37,1,0
BRDA:431,38,0,0
BRDA:431,38,1,0
BRF:77
BRH:0
end_of_record
TN:
SF:src\infrastructure\websocket\PresenceManager.js
FN:6,(anonymous_0)
FN:11,(anonymous_1)
FN:19,(anonymous_2)
FN:45,(anonymous_3)
FN:70,(anonymous_4)
FN:97,(anonymous_5)
FN:108,(anonymous_6)
FN:115,(anonymous_7)
FN:126,(anonymous_8)
FN:139,(anonymous_9)
FN:142,(anonymous_10)
FN:158,(anonymous_11)
FN:179,(anonymous_12)
FN:182,(anonymous_13)
FN:200,(anonymous_14)
FN:204,(anonymous_15)
FN:215,(anonymous_16)
FN:221,(anonymous_17)
FN:237,(anonymous_18)
FN:253,(anonymous_19)
FN:268,(anonymous_20)
FN:284,(anonymous_21)
FN:295,(anonymous_22)
FN:307,(anonymous_23)
FN:313,(anonymous_24)
FNF:25
FNH:13
FNDA:49,(anonymous_0)
FNDA:0,(anonymous_1)
FNDA:30,(anonymous_2)
FNDA:8,(anonymous_3)
FNDA:10,(anonymous_4)
FNDA:0,(anonymous_5)
FNDA:29,(anonymous_6)
FNDA:11,(anonymous_7)
FNDA:3,(anonymous_8)
FNDA:0,(anonymous_9)
FNDA:0,(anonymous_10)
FNDA:0,(anonymous_11)
FNDA:0,(anonymous_12)
FNDA:0,(anonymous_13)
FNDA:0,(anonymous_14)
FNDA:0,(anonymous_15)
FNDA:3,(anonymous_16)
FNDA:6,(anonymous_17)
FNDA:2,(anonymous_18)
FNDA:2,(anonymous_19)
FNDA:0,(anonymous_20)
FNDA:0,(anonymous_21)
FNDA:0,(anonymous_22)
FNDA:2,(anonymous_23)
FNDA:1,(anonymous_24)
DA:7,49
DA:8,49
DA:11,49
DA:12,0
DA:20,30
DA:21,30
DA:23,30
DA:31,30
DA:33,30
DA:35,30
DA:37,0
DA:38,0
DA:46,8
DA:48,8
DA:49,8
DA:50,6
DA:51,6
DA:55,8
DA:56,8
DA:58,8
DA:60,8
DA:62,0
DA:63,0
DA:71,10
DA:72,10
DA:73,10
DA:74,2
DA:77,8
DA:78,8
DA:79,8
DA:80,8
DA:83,8
DA:85,8
DA:87,8
DA:89,2
DA:90,2
DA:98,0
DA:99,0
DA:100,0
DA:101,0
DA:109,29
DA:116,11
DA:117,7
DA:118,7
DA:120,4
DA:127,3
DA:128,3
DA:129,1
DA:133,2
DA:140,0
DA:142,0
DA:143,0
DA:152,0
DA:159,0
DA:162,0
DA:169,0
DA:171,0
DA:172,0
DA:180,0
DA:182,0
DA:183,0
DA:184,0
DA:186,0
DA:194,0
DA:201,0
DA:202,0
DA:204,0
DA:205,0
DA:207,0
DA:216,3
DA:217,3
DA:219,3
DA:221,3
DA:222,6
DA:223,3
DA:224,3
DA:225,3
DA:229,3
DA:230,2
DA:238,2
DA:250,2
DA:251,2
DA:253,2
DA:254,2
DA:255,2
DA:258,2
DA:259,1
DA:262,2
DA:269,0
DA:270,0
DA:272,0
DA:274,0
DA:276,0
DA:277,0
DA:285,0
DA:286,0
DA:287,0
DA:289,0
DA:296,0
DA:297,0
DA:298,0
DA:299,0
DA:301,0
DA:308,2
DA:309,2
DA:313,2
DA:314,1
DA:317,2
DA:318,2
DA:320,2
LF:110
LH:66
BRDA:49,0,0,6
BRDA:49,0,1,2
BRDA:73,1,0,2
BRDA:73,1,1,8
BRDA:78,2,0,8
BRDA:78,2,1,0
BRDA:99,3,0,0
BRDA:99,3,1,0
BRDA:116,4,0,7
BRDA:116,4,1,4
BRDA:118,5,0,7
BRDA:118,5,1,0
BRDA:128,6,0,1
BRDA:128,6,1,2
BRDA:205,7,0,0
BRDA:205,7,1,0
BRDA:205,8,0,0
BRDA:205,8,1,0
BRDA:222,9,0,3
BRDA:222,9,1,3
BRDA:229,10,0,2
BRDA:229,10,1,1
BRDA:258,11,0,1
BRDA:258,11,1,1
BRDA:268,12,0,0
BRDA:286,13,0,0
BRDA:286,13,1,0
BRDA:295,14,0,0
BRDA:297,15,0,0
BRDA:297,15,1,0
BRDA:308,16,0,2
BRDA:308,16,1,0
BRF:32
BRH:17
end_of_record
TN:
SF:src\infrastructure\websocket\SocketServer.js
FN:21,(anonymous_0)
FN:54,(anonymous_1)
FN:91,(anonymous_2)
FN:93,(anonymous_3)
FN:128,(anonymous_4)
FN:158,(anonymous_5)
FN:159,(anonymous_6)
FN:167,(anonymous_7)
FN:212,(anonymous_8)
FN:218,(anonymous_9)
FN:228,(anonymous_10)
FN:238,(anonymous_11)
FN:250,(anonymous_12)
FN:259,(anonymous_13)
FN:270,(anonymous_14)
FN:280,(anonymous_15)
FN:291,(anonymous_16)
FN:301,(anonymous_17)
FN:314,(anonymous_18)
FN:324,(anonymous_19)
FN:334,(anonymous_20)
FN:345,(anonymous_21)
FN:356,(anonymous_22)
FN:362,(anonymous_23)
FN:370,(anonymous_24)
FN:394,(anonymous_25)
FN:403,(anonymous_26)
FN:405,(anonymous_27)
FN:416,(anonymous_28)
FN:427,(anonymous_29)
FN:431,(anonymous_30)
FN:435,(anonymous_31)
FN:453,(anonymous_32)
FN:478,(anonymous_33)
FN:490,(anonymous_34)
FN:506,(anonymous_35)
FN:513,(anonymous_36)
FN:526,(anonymous_37)
FNF:38
FNH:20
FNDA:20,(anonymous_0)
FNDA:20,(anonymous_1)
FNDA:20,(anonymous_2)
FNDA:2,(anonymous_3)
FNDA:0,(anonymous_4)
FNDA:20,(anonymous_5)
FNDA:0,(anonymous_6)
FNDA:3,(anonymous_7)
FNDA:6,(anonymous_8)
FNDA:1,(anonymous_9)
FNDA:0,(anonymous_10)
FNDA:0,(anonymous_11)
FNDA:0,(anonymous_12)
FNDA:0,(anonymous_13)
FNDA:1,(anonymous_14)
FNDA:0,(anonymous_15)
FNDA:0,(anonymous_16)
FNDA:0,(anonymous_17)
FNDA:0,(anonymous_18)
FNDA:0,(anonymous_19)
FNDA:0,(anonymous_20)
FNDA:0,(anonymous_21)
FNDA:0,(anonymous_22)
FNDA:0,(anonymous_23)
FNDA:3,(anonymous_24)
FNDA:3,(anonymous_25)
FNDA:2,(anonymous_26)
FNDA:0,(anonymous_27)
FNDA:0,(anonymous_28)
FNDA:5,(anonymous_29)
FNDA:1,(anonymous_30)
FNDA:0,(anonymous_31)
FNDA:2,(anonymous_32)
FNDA:2,(anonymous_33)
FNDA:2,(anonymous_34)
FNDA:1,(anonymous_35)
FNDA:1,(anonymous_36)
FNDA:1,(anonymous_37)
DA:22,20
DA:23,20
DA:24,20
DA:27,20
DA:28,20
DA:29,20
DA:30,20
DA:33,20
DA:40,20
DA:41,20
DA:42,20
DA:48,20
DA:55,20
DA:80,20
DA:83,20
DA:85,20
DA:93,20
DA:94,2
DA:95,2
DA:97,2
DA:98,1
DA:102,1
DA:105,1
DA:106,1
DA:107,0
DA:111,1
DA:112,1
DA:120,1
DA:122,0
DA:123,0
DA:128,20
DA:129,0
DA:130,0
DA:131,0
DA:132,0
DA:134,0
DA:135,0
DA:138,0
DA:140,0
DA:141,0
DA:142,0
DA:145,0
DA:146,0
DA:149,0
DA:150,0
DA:151,0
DA:159,20
DA:160,0
DA:168,3
DA:169,3
DA:171,3
DA:173,3
DA:175,3
DA:178,3
DA:181,3
DA:184,3
DA:187,3
DA:190,3
DA:193,3
DA:196,3
DA:204,0
DA:205,0
DA:213,6
DA:218,6
DA:219,1
DA:220,1
DA:222,0
DA:223,0
DA:228,6
DA:229,0
DA:230,0
DA:232,0
DA:233,0
DA:238,6
DA:239,0
DA:240,0
DA:242,0
DA:243,0
DA:250,6
DA:251,0
DA:252,0
DA:254,0
DA:259,6
DA:260,0
DA:261,0
DA:263,0
DA:270,6
DA:271,1
DA:280,6
DA:281,0
DA:291,6
DA:292,0
DA:293,0
DA:294,0
DA:296,0
DA:301,6
DA:302,0
DA:303,0
DA:304,0
DA:306,0
DA:307,0
DA:314,6
DA:315,0
DA:316,0
DA:318,0
DA:319,0
DA:324,6
DA:325,0
DA:326,0
DA:328,0
DA:329,0
DA:334,6
DA:335,0
DA:336,0
DA:337,0
DA:339,0
DA:340,0
DA:345,6
DA:346,0
DA:347,0
DA:349,0
DA:350,0
DA:356,6
DA:357,0
DA:362,6
DA:363,0
DA:371,3
DA:372,3
DA:373,3
DA:375,3
DA:377,3
DA:378,2
DA:379,2
DA:380,2
DA:383,3
DA:385,3
DA:387,0
DA:395,3
DA:396,3
DA:399,3
DA:402,3
DA:403,3
DA:405,3
DA:406,0
DA:409,3
DA:410,0
DA:416,0
DA:417,0
DA:420,0
DA:428,5
DA:430,5
DA:431,3
DA:433,2
DA:434,0
DA:435,0
DA:437,0
DA:438,0
DA:446,3
DA:454,2
DA:455,2
DA:457,2
DA:459,2
DA:461,2
DA:462,2
DA:465,2
DA:468,2
DA:471,0
DA:479,2
DA:480,2
DA:481,1
DA:482,1
DA:484,1
DA:491,2
DA:492,1
DA:493,1
DA:494,1
DA:496,0
DA:499,1
DA:507,1
DA:514,1
DA:527,1
DA:530,1
DA:536,1
DA:538,1
LF:184
LH:106
BRDA:95,0,0,2
BRDA:95,0,1,1
BRDA:97,1,0,1
BRDA:97,1,1,1
BRDA:106,2,0,0
BRDA:106,2,1,1
BRDA:134,3,0,0
BRDA:134,3,1,0
BRDA:138,4,0,0
BRDA:138,4,1,0
BRDA:140,5,0,0
BRDA:140,5,1,0
BRDA:145,6,0,0
BRDA:145,6,1,0
BRDA:223,7,0,0
BRDA:223,7,1,0
BRDA:233,8,0,0
BRDA:233,8,1,0
BRDA:243,9,0,0
BRDA:243,9,1,0
BRDA:304,10,0,0
BRDA:304,10,1,0
BRDA:307,11,0,0
BRDA:307,11,1,0
BRDA:319,12,0,0
BRDA:319,12,1,0
BRDA:329,13,0,0
BRDA:329,13,1,0
BRDA:337,14,0,0
BRDA:337,14,1,0
BRDA:340,15,0,0
BRDA:340,15,1,0
BRDA:350,16,0,0
BRDA:350,16,1,0
BRDA:406,17,0,0
BRDA:406,17,1,0
BRDA:409,18,0,0
BRDA:409,18,1,3
BRDA:437,19,0,0
BRDA:437,19,1,0
BRDA:437,20,0,0
BRDA:437,20,1,0
BRDA:480,21,0,1
BRDA:480,21,1,1
BRDA:490,22,0,1
BRDA:491,23,0,1
BRDA:491,23,1,1
BRDA:493,24,0,1
BRDA:493,24,1,0
BRF:49
BRH:12
end_of_record
TN:
SF:src\infrastructure\websocket\test\websocket-test.js
FN:20,(anonymous_0)
FN:27,runTests
FN:64,testConnection
FN:65,(anonymous_3)
FN:69,(anonymous_4)
FN:79,(anonymous_5)
FN:88,(anonymous_6)
FN:92,(anonymous_7)
FN:104,(anonymous_8)
FN:113,(anonymous_9)
FN:117,(anonymous_10)
FN:125,testJoinGroup
FN:126,(anonymous_12)
FN:130,(anonymous_13)
FN:134,(anonymous_14)
FN:135,(anonymous_15)
FN:157,(anonymous_16)
FN:161,(anonymous_17)
FN:167,testSendMessage
FN:168,(anonymous_19)
FN:172,(anonymous_20)
FN:177,(anonymous_21)
FN:188,(anonymous_22)
FN:199,(anonymous_23)
FN:205,(anonymous_24)
FN:215,(anonymous_25)
FN:221,(anonymous_26)
FN:232,testTypingIndicators
FN:233,(anonymous_28)
FN:237,(anonymous_29)
FN:241,(anonymous_30)
FN:246,(anonymous_31)
FN:251,(anonymous_32)
FN:259,testPresenceStatus
FN:260,(anonymous_34)
FN:264,(anonymous_35)
FN:269,(anonymous_36)
FN:274,(anonymous_37)
FN:282,testMessageActions
FN:283,(anonymous_39)
FN:289,(anonymous_40)
FN:295,(anonymous_41)
FN:305,(anonymous_42)
FN:311,(anonymous_43)
FN:322,(anonymous_44)
FN:327,(anonymous_45)
FN:338,(anonymous_46)
FN:343,(anonymous_47)
FN:351,testDisconnection
FN:352,(anonymous_49)
FN:356,(anonymous_50)
FN:360,(anonymous_51)
FN:362,(anonymous_52)
FN:369,(anonymous_53)
FN:378,delay
FN:379,(anonymous_55)
FNF:56
FNH:0
FNDA:0,(anonymous_0)
FNDA:0,runTests
FNDA:0,testConnection
FNDA:0,(anonymous_3)
FNDA:0,(anonymous_4)
FNDA:0,(anonymous_5)
FNDA:0,(anonymous_6)
FNDA:0,(anonymous_7)
FNDA:0,(anonymous_8)
FNDA:0,(anonymous_9)
FNDA:0,(anonymous_10)
FNDA:0,testJoinGroup
FNDA:0,(anonymous_12)
FNDA:0,(anonymous_13)
FNDA:0,(anonymous_14)
FNDA:0,(anonymous_15)
FNDA:0,(anonymous_16)
FNDA:0,(anonymous_17)
FNDA:0,testSendMessage
FNDA:0,(anonymous_19)
FNDA:0,(anonymous_20)
FNDA:0,(anonymous_21)
FNDA:0,(anonymous_22)
FNDA:0,(anonymous_23)
FNDA:0,(anonymous_24)
FNDA:0,(anonymous_25)
FNDA:0,(anonymous_26)
FNDA:0,testTypingIndicators
FNDA:0,(anonymous_28)
FNDA:0,(anonymous_29)
FNDA:0,(anonymous_30)
FNDA:0,(anonymous_31)
FNDA:0,(anonymous_32)
FNDA:0,testPresenceStatus
FNDA:0,(anonymous_34)
FNDA:0,(anonymous_35)
FNDA:0,(anonymous_36)
FNDA:0,(anonymous_37)
FNDA:0,testMessageActions
FNDA:0,(anonymous_39)
FNDA:0,(anonymous_40)
FNDA:0,(anonymous_41)
FNDA:0,(anonymous_42)
FNDA:0,(anonymous_43)
FNDA:0,(anonymous_44)
FNDA:0,(anonymous_45)
FNDA:0,(anonymous_46)
FNDA:0,(anonymous_47)
FNDA:0,testDisconnection
FNDA:0,(anonymous_49)
FNDA:0,(anonymous_50)
FNDA:0,(anonymous_51)
FNDA:0,(anonymous_52)
FNDA:0,(anonymous_53)
FNDA:0,delay
FNDA:0,(anonymous_55)
DA:10,0
DA:11,0
DA:14,0
DA:20,0
DA:21,0
DA:25,0
DA:28,0
DA:30,0
DA:32,0
DA:35,0
DA:38,0
DA:41,0
DA:44,0
DA:47,0
DA:50,0
DA:52,0
DA:55,0
DA:58,0
DA:59,0
DA:60,0
DA:65,0
DA:66,0
DA:68,0
DA:69,0
DA:70,0
DA:74,0
DA:79,0
DA:80,0
DA:81,0
DA:82,0
DA:83,0
DA:84,0
DA:88,0
DA:89,0
DA:92,0
DA:93,0
DA:94,0
DA:95,0
DA:99,0
DA:104,0
DA:105,0
DA:106,0
DA:107,0
DA:108,0
DA:109,0
DA:113,0
DA:114,0
DA:117,0
DA:118,0
DA:119,0
DA:120,0
DA:126,0
DA:127,0
DA:129,0
DA:130,0
DA:131,0
DA:134,0
DA:135,0
DA:136,0
DA:137,0
DA:138,0
DA:139,0
DA:140,0
DA:141,0
DA:144,0
DA:145,0
DA:151,0
DA:154,0
DA:157,0
DA:158,0
DA:161,0
DA:162,0
DA:168,0
DA:169,0
DA:171,0
DA:172,0
DA:173,0
DA:177,0
DA:178,0
DA:179,0
DA:181,0
DA:182,0
DA:183,0
DA:188,0
DA:189,0
DA:190,0
DA:192,0
DA:193,0
DA:194,0
DA:199,0
DA:200,0
DA:206,0
DA:207,0
DA:209,0
DA:215,0
DA:216,0
DA:222,0
DA:223,0
DA:225,0
DA:233,0
DA:234,0
DA:237,0
DA:238,0
DA:241,0
DA:242,0
DA:246,0
DA:247,0
DA:248,0
DA:251,0
DA:252,0
DA:253,0
DA:254,0
DA:260,0
DA:261,0
DA:264,0
DA:265,0
DA:269,0
DA:270,0
DA:271,0
DA:274,0
DA:275,0
DA:276,0
DA:277,0
DA:283,0
DA:284,0
DA:289,0
DA:290,0
DA:291,0
DA:295,0
DA:296,0
DA:305,0
DA:306,0
DA:307,0
DA:308,0
DA:312,0
DA:313,0
DA:315,0
DA:322,0
DA:323,0
DA:324,0
DA:325,0
DA:328,0
DA:329,0
DA:331,0
DA:338,0
DA:339,0
DA:343,0
DA:344,0
DA:347,0
DA:352,0
DA:353,0
DA:356,0
DA:357,0
DA:360,0
DA:361,0
DA:362,0
DA:363,0
DA:364,0
DA:369,0
DA:370,0
DA:371,0
DA:372,0
DA:379,0
DA:383,0
LF:164
LH:0
BRDA:11,0,0,0
BRDA:11,0,1,0
BRDA:58,1,0,0
BRDA:58,1,1,0
BRDA:59,2,0,0
BRDA:59,2,1,0
BRDA:82,3,0,0
BRDA:82,3,1,0
BRDA:107,4,0,0
BRDA:107,4,1,0
BRDA:136,5,0,0
BRDA:136,5,1,0
BRDA:139,6,0,0
BRDA:139,6,1,0
BRDA:181,7,0,0
BRDA:181,7,1,0
BRDA:192,8,0,0
BRDA:192,8,1,0
BRDA:206,9,0,0
BRDA:206,9,1,0
BRDA:222,10,0,0
BRDA:222,10,1,0
BRDA:306,11,0,0
BRDA:306,11,1,0
BRDA:312,12,0,0
BRDA:312,12,1,0
BRDA:323,13,0,0
BRDA:323,13,1,0
BRDA:328,14,0,0
BRDA:328,14,1,0
BRDA:363,15,0,0
BRDA:363,15,1,0
BRF:32
BRH:0
end_of_record
TN:
SF:src\presentation\controllers\UserController.js
FN:4,(anonymous_0)
FN:28,(anonymous_1)
FN:55,(anonymous_2)
FN:85,(anonymous_3)
FN:119,(anonymous_4)
FN:158,(anonymous_5)
FN:193,(anonymous_6)
FN:220,(anonymous_7)
FN:259,(anonymous_8)
FN:311,(anonymous_9)
FNF:10
FNH:0
FNDA:0,(anonymous_0)
FNDA:0,(anonymous_1)
FNDA:0,(anonymous_2)
FNDA:0,(anonymous_3)
FNDA:0,(anonymous_4)
FNDA:0,(anonymous_5)
FNDA:0,(anonymous_6)
FNDA:0,(anonymous_7)
FNDA:0,(anonymous_8)
FNDA:0,(anonymous_9)
DA:4,0
DA:8,0
DA:9,0
DA:16,0
DA:17,0
DA:20,0
DA:21,0
DA:23,0
DA:24,0
DA:28,0
DA:37,0
DA:38,0
DA:44,0
DA:45,0
DA:48,0
DA:49,0
DA:51,0
DA:55,0
DA:61,0
DA:62,0
DA:63,0
DA:65,0
DA:67,0
DA:75,0
DA:76,0
DA:78,0
DA:79,0
DA:81,0
DA:85,0
DA:105,0
DA:106,0
DA:108,0
DA:109,0
DA:113,0
DA:114,0
DA:119,0
DA:120,0
DA:126,0
DA:127,0
DA:135,0
DA:136,0
DA:144,0
DA:147,0
DA:153,0
DA:154,0
DA:158,0
DA:172,0
DA:173,0
DA:177,0
DA:178,0
DA:181,0
DA:186,0
DA:187,0
DA:189,0
DA:193,0
DA:201,0
DA:202,0
DA:206,0
DA:207,0
DA:210,0
DA:214,0
DA:216,0
DA:220,0
DA:242,0
DA:243,0
DA:244,0
DA:247,0
DA:255,0
DA:256,0
DA:259,0
DA:260,0
DA:261,0
DA:262,0
DA:269,0
DA:270,0
DA:275,0
DA:276,0
DA:277,0
DA:283,0
DA:284,0
DA:291,0
DA:299,0
DA:305,0
DA:307,0
DA:308,0
DA:311,0
DA:347,0
DA:348,0
DA:350,0
DA:358,0
DA:359,0
DA:362,0
DA:368,0
DA:370,0
LF:94
LH:0
BRDA:16,0,0,0
BRDA:16,0,1,0
BRDA:40,1,0,0
BRDA:40,1,1,0
BRDA:44,2,0,0
BRDA:44,2,1,0
BRDA:62,3,0,0
BRDA:62,3,1,0
BRDA:63,4,0,0
BRDA:63,4,1,0
BRDA:108,5,0,0
BRDA:108,5,1,0
BRDA:113,6,0,0
BRDA:113,6,1,0
BRDA:123,7,0,0
BRDA:123,7,1,0
BRDA:126,8,0,0
BRDA:126,8,1,0
BRDA:135,9,0,0
BRDA:135,9,1,0
BRDA:174,10,0,0
BRDA:174,10,1,0
BRDA:177,11,0,0
BRDA:177,11,1,0
BRDA:203,12,0,0
BRDA:203,12,1,0
BRDA:206,13,0,0
BRDA:206,13,1,0
BRDA:244,14,0,0
BRDA:244,14,1,0
BRDA:255,15,0,0
BRDA:255,15,1,0
BRDA:260,16,0,0
BRDA:260,16,1,0
BRDA:261,17,0,0
BRDA:261,17,1,0
BRDA:261,18,0,0
BRDA:261,18,1,0
BRDA:269,19,0,0
BRDA:269,19,1,0
BRDA:269,20,0,0
BRDA:269,20,1,0
BRDA:275,21,0,0
BRDA:275,21,1,0
BRDA:276,22,0,0
BRDA:276,22,1,0
BRDA:276,23,0,0
BRDA:276,23,1,0
BRDA:283,24,0,0
BRDA:283,24,1,0
BRDA:283,25,0,0
BRDA:283,25,1,0
BRDA:348,26,0,0
BRDA:348,26,1,0
BRDA:358,27,0,0
BRDA:358,27,1,0
BRF:56
BRH:0
end_of_record
TN:
SF:src\presentation\controllers\authController.js
FN:5,(anonymous_0)
FN:24,(anonymous_1)
FN:37,(anonymous_2)
FNF:3
FNH:0
FNDA:0,(anonymous_0)
FNDA:0,(anonymous_1)
FNDA:0,(anonymous_2)
DA:5,0
DA:6,0
DA:7,0
DA:10,0
DA:14,0
DA:15,0
DA:17,0
DA:21,0
DA:24,0
DA:31,0
DA:32,0
DA:33,0
DA:34,0
DA:36,0
DA:37,0
DA:38,0
DA:40,0
DA:42,0
DA:46,0
LF:19
LH:0
BRDA:6,0,0,0
BRDA:6,0,1,0
BRDA:33,1,0,0
BRDA:33,1,1,0
BRDA:38,2,0,0
BRDA:38,2,1,0
BRF:6
BRH:0
end_of_record
